[2022-12-17T11:37:55.972] [ERROR] prod - ReferenceError: logger is not defined
    at UserControllerMongo.createUser (E:\Proyectos\Programación\CoderHouse\Curso BackEnd\Proyecto Final\Entrega-15 (3ra Proyecto Final)\src\Persistence\DAOs\Users\UsersController.js:16:7)
    at registerUser (E:\Proyectos\Programación\CoderHouse\Curso BackEnd\Proyecto Final\Entrega-15 (3ra Proyecto Final)\src\Service\DB Querys\register-user.js:52:31)
    at process.processTicksAndRejections (node:internal/process/task_queues:95:5)
    at async postRegisterForm (E:\Proyectos\Programación\CoderHouse\Curso BackEnd\Proyecto Final\Entrega-15 (3ra Proyecto Final)\src\Controller\userInterfaces.js:96:22)
[2022-12-17T11:38:34.955] [ERROR] prod - Users Error: ObjectParameterError: Parameter "obj" to Document() must be an object, got emailPrueba@gmail.com
[2022-12-17T11:38:34.957] [ERROR] prod - ReferenceError: newUser is not defined
    at UserControllerMongo.createUser (E:\Proyectos\Programación\CoderHouse\Curso BackEnd\Proyecto Final\Entrega-15 (3ra Proyecto Final)\src\Persistence\DAOs\Users\UsersController.js:21:5)
    at registerUser (E:\Proyectos\Programación\CoderHouse\Curso BackEnd\Proyecto Final\Entrega-15 (3ra Proyecto Final)\src\Service\DB Querys\register-user.js:52:31)
    at process.processTicksAndRejections (node:internal/process/task_queues:95:5)
    at async postRegisterForm (E:\Proyectos\Programación\CoderHouse\Curso BackEnd\Proyecto Final\Entrega-15 (3ra Proyecto Final)\src\Controller\userInterfaces.js:96:22)
[2022-12-17T11:41:45.977] [ERROR] prod - Users Error: ObjectParameterError: Parameter "obj" to Document() must be an object, got emailPrueba@gmail.com
[2022-12-17T11:41:57.544] [ERROR] prod - { error: 'No se encontró el usuario indicado', errorCode: 400 }
[2022-12-17T11:49:22.169] [ERROR] prod - { error: 'El usuario ingresado no existe', errorCode: 400 }
[2022-12-17T11:50:00.555] [ERROR] prod - { error: 'El usuario ingresado no existe', errorCode: 400 }
[2022-12-17T11:51:21.749] [ERROR] prod - { error: 'El usuario ingresado no existe', errorCode: 400 }
[2022-12-17T11:52:33.753] [ERROR] prod - { error: 'El usuario ingresado no existe', errorCode: 400 }
[2022-12-17T11:53:09.003] [ERROR] prod - { error: 'El usuario ingresado no existe', errorCode: 400 }
[2022-12-17T11:58:13.621] [ERROR] prod - Users Error: ObjectParameterError: Parameter "obj" to Document() must be an object, got emailPrueba@gmail.com
[2022-12-17T12:01:33.715] [ERROR] prod - Users Error: ObjectParameterError: Parameter "obj" to Document() must be an object, got emailPrueba@gmail.com
[2022-12-17T12:02:13.677] [ERROR] prod - Users Error: ObjectParameterError: Parameter "obj" to Document() must be an object, got Fr4ncisco
[2022-12-17T12:04:03.831] [ERROR] prod - Users Error: ValidationError: password: Path `password` is required.
[2022-12-17T12:15:15.995] [ERROR] prod - { error: 'No se encontró el usuario indicado', errorCode: 400 }
[2022-12-17T12:36:21.868] [ERROR] prod - { error: 'No se encontró el usuario indicado', errorCode: 400 }
[2022-12-17T13:33:23.404] [ERROR] prod - { error: 'No se encontró el usuario indicado', errorCode: 400 }
[2022-12-19T07:55:37.921] [ERROR] prod - { error: 'No se encontró el usuario indicado', errorCode: 400 }
[2022-12-19T22:23:08.185] [ERROR] prod - { error: 'No se encontró el usuario indicado', errorCode: 400 }
[2022-12-19T22:25:59.440] [ERROR] prod - TypeError: Cannot read properties of null (reading 'thumbnail')
    at E:\Proyectos\Programación\CoderHouse\Curso BackEnd\Proyecto Final\Entrega-15 (3ra Proyecto Final)\src\Controller\carts.js:26:33
    at process.processTicksAndRejections (node:internal/process/task_queues:95:5)
[2022-12-19T22:27:58.368] [ERROR] prod - TypeError: Cannot read properties of null (reading 'thumbnail')
    at E:\Proyectos\Programación\CoderHouse\Curso BackEnd\Proyecto Final\Entrega-15 (3ra Proyecto Final)\src\Controller\carts.js:35:35
    at process.processTicksAndRejections (node:internal/process/task_queues:95:5)
[2022-12-19T22:27:59.890] [ERROR] prod - TypeError: Cannot read properties of null (reading 'thumbnail')
    at E:\Proyectos\Programación\CoderHouse\Curso BackEnd\Proyecto Final\Entrega-15 (3ra Proyecto Final)\src\Controller\carts.js:35:35
    at process.processTicksAndRejections (node:internal/process/task_queues:95:5)
[2022-12-19T22:28:18.825] [ERROR] prod - TypeError: Cannot read properties of null (reading 'thumbnail')
    at E:\Proyectos\Programación\CoderHouse\Curso BackEnd\Proyecto Final\Entrega-15 (3ra Proyecto Final)\src\Controller\carts.js:35:35
    at process.processTicksAndRejections (node:internal/process/task_queues:95:5)
[2022-12-19T22:28:56.229] [ERROR] prod - TypeError: Cannot read properties of null (reading 'thumbnail')
    at E:\Proyectos\Programación\CoderHouse\Curso BackEnd\Proyecto Final\Entrega-15 (3ra Proyecto Final)\src\Controller\carts.js:37:35
    at process.processTicksAndRejections (node:internal/process/task_queues:95:5)
[2022-12-20T00:38:37.122] [ERROR] prod - { error: 'No se encontró el usuario indicado', errorCode: 400 }
[2022-12-22T06:10:17.567] [ERROR] prod - { error: 'No se encontró el usuario indicado', errorCode: 400 }
[2022-12-22T06:10:20.416] [ERROR] prod - { error: 'No se encontró el usuario indicado', errorCode: 400 }
[2022-12-22T20:17:56.645] [ERROR] prod - { error: 'No se encontró el usuario indicado', errorCode: 400 }
[2022-12-22T20:18:58.325] [ERROR] prod - { error: 'No se encontró el usuario indicado', errorCode: 400 }
[2022-12-23T09:22:22.538] [ERROR] prod - { error: 'No se encontró el usuario indicado', errorCode: 400 }
[2022-12-23T09:22:50.717] [ERROR] prod - { error: 'No se encontró el usuario indicado', errorCode: 400 }
[2022-12-23T09:42:29.702] [ERROR] prod - { error: 'No se encontró el usuario indicado', errorCode: 400 }
[2022-12-23T09:42:58.485] [ERROR] prod - { error: 'No se encontró el usuario indicado', errorCode: 400 }
[2022-12-24T19:01:49.344] [ERROR] prod - { error: 'No se encontró el usuario indicado', errorCode: 400 }
[2022-12-27T18:45:40.607] [ERROR] prod - { error: 'No se encontró el usuario indicado', errorCode: 400 }
[2022-12-27T19:04:13.982] [ERROR] prod - { error: 'No se encontró el usuario indicado', errorCode: 400 }
[2022-12-27T19:04:31.188] [ERROR] prod - { error: 'No se encontró el usuario indicado', errorCode: 400 }
[2022-12-27T19:05:25.331] [ERROR] prod - { error: 'No se encontró el usuario indicado', errorCode: 400 }
[2022-12-27T19:05:35.748] [ERROR] prod - { error: 'No se encontró el usuario indicado', errorCode: 400 }
[2022-12-27T19:05:39.627] [ERROR] prod - { error: 'No se encontró el usuario indicado', errorCode: 400 }
[2022-12-27T19:24:50.971] [ERROR] prod - { error: 'No se encontró el usuario indicado', errorCode: 400 }
[2022-12-27T22:02:33.488] [ERROR] prod - { error: 'No se encontró el usuario indicado', errorCode: 400 }
[2022-12-27T22:22:03.796] [ERROR] prod - { error: 'No se encontró el usuario indicado', errorCode: 400 }
[2022-12-28T07:59:31.492] [ERROR] prod - { error: 'No se encontró el usuario indicado', errorCode: 400 }
[2022-12-28T08:41:47.152] [ERROR] prod - { error: 'No se encontró el usuario indicado', errorCode: 400 }
[2022-12-28T08:58:40.251] [ERROR] prod - { error: 'No se encontró el usuario indicado', errorCode: 400 }
[2022-12-28T09:44:41.042] [ERROR] prod - TypeError: Cannot read properties of null (reading 'thumbnail')
    at getUserCartProducts (C:\Users\pc22\Desktop\Francisco Muñiz\Final-Project---BackEnd\Entrega-15 (3ra Proyecto Final)\src\Controller\carts.js:40:35)
    at processTicksAndRejections (node:internal/process/task_queues:96:5)
[2022-12-28T09:45:05.854] [ERROR] prod - TypeError: Cannot read properties of null (reading 'thumbnail')
    at getUserCartProducts (C:\Users\pc22\Desktop\Francisco Muñiz\Final-Project---BackEnd\Entrega-15 (3ra Proyecto Final)\src\Controller\carts.js:40:35)
    at processTicksAndRejections (node:internal/process/task_queues:96:5)
[2022-12-28T09:45:16.073] [ERROR] prod - TypeError: Cannot read properties of null (reading 'thumbnail')
    at getUserCartProducts (C:\Users\pc22\Desktop\Francisco Muñiz\Final-Project---BackEnd\Entrega-15 (3ra Proyecto Final)\src\Controller\carts.js:40:35)
    at processTicksAndRejections (node:internal/process/task_queues:96:5)
[2022-12-28T09:54:21.859] [ERROR] prod - TypeError: Cannot read properties of null (reading 'thumbnail')
    at getUserCartProducts (C:\Users\pc22\Desktop\Francisco Muñiz\Final-Project---BackEnd\Entrega-15 (3ra Proyecto Final)\src\Controller\carts.js:40:35)
    at processTicksAndRejections (node:internal/process/task_queues:96:5)
[2022-12-28T09:55:16.563] [ERROR] prod - TypeError: Cannot read properties of null (reading 'thumbnail')
    at getUserCartProducts (C:\Users\pc22\Desktop\Francisco Muñiz\Final-Project---BackEnd\Entrega-15 (3ra Proyecto Final)\src\Controller\carts.js:40:35)
    at processTicksAndRejections (node:internal/process/task_queues:96:5)
[2022-12-28T09:56:09.118] [ERROR] prod - TypeError: Cannot read properties of null (reading 'thumbnail')
    at getUserCartProducts (C:\Users\pc22\Desktop\Francisco Muñiz\Final-Project---BackEnd\Entrega-15 (3ra Proyecto Final)\src\Controller\carts.js:40:35)
    at processTicksAndRejections (node:internal/process/task_queues:96:5)
[2022-12-28T09:59:01.708] [ERROR] prod - { errorCode: 500, error: 'Error al buscar un producto del carrito' }
[2022-12-28T09:59:09.157] [ERROR] prod - { errorCode: 500, error: 'Error al buscar un producto del carrito' }
[2022-12-28T09:59:25.679] [ERROR] prod - TypeError: Cannot read properties of null (reading 'thumbnail')
    at getUserCartProducts (C:\Users\pc22\Desktop\Francisco Muñiz\Final-Project---BackEnd\Entrega-15 (3ra Proyecto Final)\src\Controller\carts.js:40:35)
    at processTicksAndRejections (node:internal/process/task_queues:96:5)
[2022-12-28T09:59:36.585] [ERROR] prod - { errorCode: 500, error: 'Error al buscar un producto del carrito' }
[2022-12-28T10:00:22.423] [ERROR] prod - { errorCode: 500, error: 'Error al buscar un producto del carrito' }
[2022-12-28T10:01:59.688] [ERROR] prod - { errorCode: 500, error: 'Error al buscar un producto del carrito' }
[2022-12-28T10:02:02.329] [ERROR] prod - { errorCode: 500, error: 'Error al buscar un producto del carrito' }
[2022-12-28T10:02:12.431] [ERROR] prod - { errorCode: 500, error: 'Error al buscar un producto del carrito' }
[2022-12-28T10:03:05.392] [ERROR] prod - { errorCode: 500, error: 'Error al buscar un producto del carrito' }
[2022-12-28T10:03:30.654] [ERROR] prod - { errorCode: 500, error: 'Error al buscar un producto del carrito' }
[2022-12-28T10:05:13.824] [ERROR] prod - { errorCode: 500, error: 'Error al buscar un producto del carrito' }
[2022-12-28T10:05:14.023] [ERROR] prod - { errorCode: 500, error: 'Error al buscar un producto del carrito' }
[2022-12-28T10:05:51.102] [ERROR] prod - { errorCode: 500, error: 'Error al buscar un producto del carrito' }
[2022-12-28T10:09:04.075] [ERROR] prod - { error: 'Producto no especificado', errorCode: 400 }
[2022-12-28T10:09:06.198] [ERROR] prod - { error: 'Producto no encontrado', errorCode: 400 }
[2022-12-28T10:10:07.247] [ERROR] prod - { error: 'Producto no especificado', errorCode: 400 }
[2022-12-28T10:10:12.536] [ERROR] prod - { error: 'Producto no especificado', errorCode: 400 }
[2022-12-28T10:11:42.110] [ERROR] prod - { error: 'Producto no especificado', errorCode: 400 }
[2022-12-28T10:12:00.153] [ERROR] prod - { error: 'Producto no especificado', errorCode: 400 }
[2022-12-28T10:13:24.139] [ERROR] prod - { error: 'Producto no especificado', errorCode: 400 }
[2022-12-28T10:13:25.491] [ERROR] prod - { error: 'Producto no encontrado', errorCode: 400 }
[2022-12-28T10:14:58.056] [ERROR] prod - { error: 'Producto no especificado', errorCode: 400 }
[2022-12-28T10:14:59.718] [ERROR] prod - { error: 'Producto no encontrado', errorCode: 400 }
[2022-12-28T10:15:01.039] [ERROR] prod - { error: 'Producto no especificado', errorCode: 400 }
[2022-12-28T10:15:01.845] [ERROR] prod - { error: 'Producto no especificado', errorCode: 400 }
[2022-12-28T10:27:34.551] [ERROR] prod - TypeError: Cannot read properties of null (reading 'userCart')
    at getCartProducts (C:\Users\pc22\Desktop\Francisco Muñiz\Final-Project---BackEnd\Entrega-15 (3ra Proyecto Final)\src\Service\DB Querys\carts-logic.js:12:16)
    at processTicksAndRejections (node:internal/process/task_queues:96:5)
    at async getUserCartProducts (C:\Users\pc22\Desktop\Francisco Muñiz\Final-Project---BackEnd\Entrega-15 (3ra Proyecto Final)\src\Controller\api-carts.js:13:25)
[2022-12-28T10:27:42.182] [ERROR] prod - { error: 'Producto no especificado', errorCode: 400 }
[2022-12-28T10:31:30.664] [ERROR] prod - { error: 'Producto no encontrado', errorCode: 400 }
[2022-12-28T10:31:34.493] [ERROR] prod - { error: 'Producto no encontrado', errorCode: 400 }
[2022-12-28T10:31:38.575] [ERROR] prod - { error: 'Producto no encontrado', errorCode: 400 }
[2022-12-28T10:31:48.367] [ERROR] prod - { error: 'Producto no encontrado', errorCode: 400 }
[2022-12-28T10:31:56.605] [ERROR] prod - { error: 'Producto no encontrado', errorCode: 400 }
[2022-12-28T10:31:57.613] [ERROR] prod - { error: 'Producto no encontrado', errorCode: 400 }
[2022-12-28T10:46:41.941] [ERROR] prod - { error: 'Error al realizar la compra del carrito', errorCode: 500 }
[2022-12-28T10:46:44.373] [ERROR] prod - { error: 'Error al realizar la compra del carrito', errorCode: 500 }
[2022-12-28T10:47:27.838] [ERROR] prod - { error: 'Error al realizar la compra del carrito', errorCode: 500 }
[2022-12-28T10:47:29.629] [ERROR] prod - { error: 'Error al realizar la compra del carrito', errorCode: 500 }
[2022-12-28T10:47:30.691] [ERROR] prod - { error: 'Error al realizar la compra del carrito', errorCode: 500 }
[2022-12-28T10:48:41.672] [ERROR] prod - { error: 'Error al realizar la compra del carrito', errorCode: 500 }
[2022-12-28T10:48:43.262] [ERROR] prod - { error: 'Error al realizar la compra del carrito', errorCode: 500 }
